<?xml version="1.0" encoding="UTF-8"?>
<testsuite name="kod.springboot.web.IndexControllerTest" tests="1" skipped="0" failures="0" errors="0" timestamp="2021-01-11T12:31:07" hostname="Kodui-MacBook-Pro.local" time="0.146">
  <properties/>
  <testcase name="메인페이지_로딩" classname="kod.springboot.web.IndexControllerTest" time="0.146"/>
  <system-out><![CDATA[2021-01-11 21:31:06.050  INFO 14511 --- [    Test worker] .b.t.c.SpringBootTestContextBootstrapper : Neither @ContextConfiguration nor @ContextHierarchy found for test class [kod.springboot.web.IndexControllerTest], using SpringBootContextLoader
2021-01-11 21:31:06.051  INFO 14511 --- [    Test worker] o.s.t.c.support.AbstractContextLoader    : Could not detect default resource locations for test class [kod.springboot.web.IndexControllerTest]: no resource found for suffixes {-context.xml, Context.groovy}.
2021-01-11 21:31:06.051  INFO 14511 --- [    Test worker] t.c.s.AnnotationConfigContextLoaderUtils : Could not detect default configuration classes for test class [kod.springboot.web.IndexControllerTest]: IndexControllerTest does not declare any static, non-private, non-final, nested classes annotated with @Configuration.
2021-01-11 21:31:06.052  INFO 14511 --- [    Test worker] .b.t.c.SpringBootTestContextBootstrapper : Found @SpringBootConfiguration kod.springboot.Application for test class kod.springboot.web.IndexControllerTest
2021-01-11 21:31:06.053  INFO 14511 --- [    Test worker] .b.t.c.SpringBootTestContextBootstrapper : Loaded default TestExecutionListener class names from location [META-INF/spring.factories]: [org.springframework.security.test.context.support.WithSecurityContextTestExecutionListener, org.springframework.security.test.context.support.ReactorContextTestExecutionListener, org.springframework.boot.test.autoconfigure.restdocs.RestDocsTestExecutionListener, org.springframework.boot.test.autoconfigure.web.client.MockRestServiceServerResetTestExecutionListener, org.springframework.boot.test.autoconfigure.web.servlet.MockMvcPrintOnlyOnFailureTestExecutionListener, org.springframework.boot.test.autoconfigure.web.servlet.WebDriverTestExecutionListener, org.springframework.boot.test.mock.mockito.MockitoTestExecutionListener, org.springframework.boot.test.mock.mockito.ResetMocksTestExecutionListener, org.springframework.test.context.web.ServletTestExecutionListener, org.springframework.test.context.support.DirtiesContextBeforeModesTestExecutionListener, org.springframework.test.context.support.DependencyInjectionTestExecutionListener, org.springframework.test.context.support.DirtiesContextTestExecutionListener, org.springframework.test.context.transaction.TransactionalTestExecutionListener, org.springframework.test.context.jdbc.SqlScriptsTestExecutionListener]
2021-01-11 21:31:06.054  INFO 14511 --- [    Test worker] .b.t.c.SpringBootTestContextBootstrapper : Using TestExecutionListeners: [org.springframework.test.context.web.ServletTestExecutionListener@56ba304d, org.springframework.test.context.support.DirtiesContextBeforeModesTestExecutionListener@1b6aff50, org.springframework.boot.test.mock.mockito.MockitoTestExecutionListener@6383aad8, org.springframework.boot.test.autoconfigure.SpringBootDependencyInjectionTestExecutionListener@56cff555, org.springframework.test.context.support.DirtiesContextTestExecutionListener@51f09f99, org.springframework.test.context.transaction.TransactionalTestExecutionListener@1dac7a88, org.springframework.test.context.jdbc.SqlScriptsTestExecutionListener@6307d68f, org.springframework.security.test.context.support.WithSecurityContextTestExecutionListener@4a4bf2e7, org.springframework.security.test.context.support.ReactorContextTestExecutionListener@1f92b060, org.springframework.boot.test.autoconfigure.restdocs.RestDocsTestExecutionListener@6114f120, org.springframework.boot.test.autoconfigure.web.client.MockRestServiceServerResetTestExecutionListener@3c7af023, org.springframework.boot.test.autoconfigure.web.servlet.MockMvcPrintOnlyOnFailureTestExecutionListener@2933e181, org.springframework.boot.test.autoconfigure.web.servlet.WebDriverTestExecutionListener@23a85577, org.springframework.boot.test.mock.mockito.ResetMocksTestExecutionListener@65733dd3]

  .   ____          _            __ _ _
 /\\ / ___'_ __ _ _(_)_ __  __ _ \ \ \ \
( ( )\___ | '_ | '_| | '_ \/ _` | \ \ \ \
 \\/  ___)| |_)| | | | | || (_| |  ) ) ) )
  '  |____| .__|_| |_|_| |_\__, | / / / /
 =========|_|==============|___/=/_/_/_/
 :: Spring Boot ::        (v2.1.7.RELEASE)

2021-01-11 21:31:06.082  INFO 14511 --- [    Test worker] kod.springboot.web.IndexControllerTest   : Starting IndexControllerTest on Kodui-MacBook-Pro.local with PID 14511 (started by kod in /Users/kod/IdeaProjects/kod)
2021-01-11 21:31:06.083  INFO 14511 --- [    Test worker] kod.springboot.web.IndexControllerTest   : No active profile set, falling back to default profiles: default
2021-01-11 21:31:06.216  INFO 14511 --- [    Test worker] .s.d.r.c.RepositoryConfigurationDelegate : Bootstrapping Spring Data repositories in DEFAULT mode.
2021-01-11 21:31:06.224  INFO 14511 --- [    Test worker] .s.d.r.c.RepositoryConfigurationDelegate : Finished Spring Data repository scanning in 8ms. Found 2 repository interfaces.
2021-01-11 21:31:06.287  INFO 14511 --- [    Test worker] trationDelegate$BeanPostProcessorChecker : Bean 'org.springframework.transaction.annotation.ProxyTransactionManagementConfiguration' of type [org.springframework.transaction.annotation.ProxyTransactionManagementConfiguration$$EnhancerBySpringCGLIB$$6e5838c8] is not eligible for getting processed by all BeanPostProcessors (for example: not eligible for auto-proxying)
2021-01-11 21:31:06.460  INFO 14511 --- [    Test worker] o.s.b.w.embedded.tomcat.TomcatWebServer  : Tomcat initialized with port(s): 0 (http)
2021-01-11 21:31:06.484  INFO 14511 --- [    Test worker] o.apache.catalina.core.StandardService   : Starting service [Tomcat]
2021-01-11 21:31:06.485  INFO 14511 --- [    Test worker] org.apache.catalina.core.StandardEngine  : Starting Servlet engine: [Apache Tomcat/9.0.22]
2021-01-11 21:31:06.584  INFO 14511 --- [    Test worker] o.a.c.c.C.[Tomcat].[localhost].[/]       : Initializing Spring embedded WebApplicationContext
2021-01-11 21:31:06.584  INFO 14511 --- [    Test worker] o.s.web.context.ContextLoader            : Root WebApplicationContext: initialization completed in 500 ms
2021-01-11 21:31:06.709  INFO 14511 --- [    Test worker] com.zaxxer.hikari.HikariDataSource       : HikariPool-2 - Starting...
2021-01-11 21:31:06.710  INFO 14511 --- [    Test worker] com.zaxxer.hikari.HikariDataSource       : HikariPool-2 - Start completed.
2021-01-11 21:31:06.734  INFO 14511 --- [    Test worker] o.hibernate.jpa.internal.util.LogHelper  : HHH000204: Processing PersistenceUnitInfo [
	name: default
	...]
2021-01-11 21:31:06.739  INFO 14511 --- [    Test worker] org.hibernate.dialect.Dialect            : HHH000400: Using dialect: org.hibernate.dialect.MySQL5InnoDBDialect
Hibernate: drop table if exists posts
Hibernate: drop table if exists user
Hibernate: create table posts (id bigint not null auto_increment, created_date datetime, modified_date datetime, author varchar(255), content TEXT not null, title varchar(500) not null, primary key (id)) engine=InnoDB
Hibernate: create table user (id bigint not null auto_increment, created_date datetime, modified_date datetime, email varchar(255) not null, name varchar(255) not null, picture varchar(255), role varchar(255) not null, primary key (id)) engine=InnoDB
2021-01-11 21:31:06.783  INFO 14511 --- [    Test worker] o.h.t.schema.internal.SchemaCreatorImpl  : HHH000476: Executing import script 'org.hibernate.tool.schema.internal.exec.ScriptSourceInputNonExistentImpl@26065907'
2021-01-11 21:31:06.784  INFO 14511 --- [    Test worker] j.LocalContainerEntityManagerFactoryBean : Initialized JPA EntityManagerFactory for persistence unit 'default'
2021-01-11 21:31:07.039  INFO 14511 --- [    Test worker] o.h.h.i.QueryTranslatorFactoryInitiator  : HHH000397: Using ASTQueryTranslatorFactory
2021-01-11 21:31:07.141  INFO 14511 --- [    Test worker] o.s.s.web.DefaultSecurityFilterChain     : Creating filter chain: any request, [org.springframework.security.web.context.request.async.WebAsyncManagerIntegrationFilter@3dd270d3, org.springframework.security.web.context.SecurityContextPersistenceFilter@63b30fc9, org.springframework.security.web.header.HeaderWriterFilter@5f080380, org.springframework.security.web.authentication.logout.LogoutFilter@8903b54, org.springframework.security.oauth2.client.web.OAuth2AuthorizationRequestRedirectFilter@70618ec3, org.springframework.security.oauth2.client.web.OAuth2LoginAuthenticationFilter@224ed81c, org.springframework.security.web.authentication.ui.DefaultLoginPageGeneratingFilter@7326bfbe, org.springframework.security.web.authentication.ui.DefaultLogoutPageGeneratingFilter@6a54bcf0, org.springframework.security.web.savedrequest.RequestCacheAwareFilter@5226ce8f, org.springframework.security.web.servletapi.SecurityContextHolderAwareRequestFilter@4d2dc348, org.springframework.security.web.authentication.AnonymousAuthenticationFilter@163f30ef, org.springframework.security.web.session.SessionManagementFilter@30f1c883, org.springframework.security.web.access.ExceptionTranslationFilter@402e3149, org.springframework.security.web.access.intercept.FilterSecurityInterceptor@7fc50283]
2021-01-11 21:31:07.299  INFO 14511 --- [    Test worker] o.s.s.concurrent.ThreadPoolTaskExecutor  : Initializing ExecutorService 'applicationTaskExecutor'
2021-01-11 21:31:07.310  WARN 14511 --- [    Test worker] aWebConfiguration$JpaWebMvcConfiguration : spring.jpa.open-in-view is enabled by default. Therefore, database queries may be performed during view rendering. Explicitly configure spring.jpa.open-in-view to disable this warning
2021-01-11 21:31:07.332  INFO 14511 --- [    Test worker] o.s.b.a.w.s.WelcomePageHandlerMapping    : Adding welcome page template: index
2021-01-11 21:31:07.514  INFO 14511 --- [    Test worker] s.a.ScheduledAnnotationBeanPostProcessor : No TaskScheduler/ScheduledExecutorService bean found for scheduled processing
2021-01-11 21:31:07.533  INFO 14511 --- [    Test worker] o.s.b.w.embedded.tomcat.TomcatWebServer  : Tomcat started on port(s): 62165 (http) with context path ''
2021-01-11 21:31:07.534  INFO 14511 --- [    Test worker] kod.springboot.web.IndexControllerTest   : Started IndexControllerTest in 1.479 seconds (JVM running for 7.407)
2021-01-11 21:31:07.612  INFO 14511 --- [o-auto-1-exec-1] o.a.c.c.C.[Tomcat].[localhost].[/]       : Initializing Spring DispatcherServlet 'dispatcherServlet'
2021-01-11 21:31:07.612  INFO 14511 --- [o-auto-1-exec-1] o.s.web.servlet.DispatcherServlet        : Initializing Servlet 'dispatcherServlet'
2021-01-11 21:31:07.624  INFO 14511 --- [o-auto-1-exec-1] o.s.web.servlet.DispatcherServlet        : Completed initialization in 12 ms
Hibernate: select posts0_.id as id1_0_, posts0_.created_date as created_2_0_, posts0_.modified_date as modified3_0_, posts0_.author as author4_0_, posts0_.content as content5_0_, posts0_.title as title6_0_ from posts posts0_ order by posts0_.id DESC
]]></system-out>
  <system-err><![CDATA[]]></system-err>
</testsuite>
