<?xml version="1.0" encoding="UTF-8"?>
<testsuite name="kod.springboot.web.IndexControllerTest" tests="1" skipped="0" failures="0" errors="0" timestamp="2021-01-31T04:12:18" hostname="Kodui-MacBook-Pro.local" time="0.065">
  <properties/>
  <testcase name="메인페이지_로딩()" classname="kod.springboot.web.IndexControllerTest" time="0.065"/>
  <system-out><![CDATA[2021-01-31 13:12:18.236  INFO 44128 --- [    Test worker] .b.t.c.SpringBootTestContextBootstrapper : Neither @ContextConfiguration nor @ContextHierarchy found for test class [kod.springboot.web.IndexControllerTest], using SpringBootContextLoader
2021-01-31 13:12:18.237  INFO 44128 --- [    Test worker] o.s.t.c.support.AbstractContextLoader    : Could not detect default resource locations for test class [kod.springboot.web.IndexControllerTest]: no resource found for suffixes {-context.xml, Context.groovy}.
2021-01-31 13:12:18.237  INFO 44128 --- [    Test worker] t.c.s.AnnotationConfigContextLoaderUtils : Could not detect default configuration classes for test class [kod.springboot.web.IndexControllerTest]: IndexControllerTest does not declare any static, non-private, non-final, nested classes annotated with @Configuration.
2021-01-31 13:12:18.239  INFO 44128 --- [    Test worker] .b.t.c.SpringBootTestContextBootstrapper : Found @SpringBootConfiguration kod.springboot.Application for test class kod.springboot.web.IndexControllerTest
2021-01-31 13:12:18.241  INFO 44128 --- [    Test worker] .b.t.c.SpringBootTestContextBootstrapper : Loaded default TestExecutionListener class names from location [META-INF/spring.factories]: [org.springframework.security.test.context.support.WithSecurityContextTestExecutionListener, org.springframework.security.test.context.support.ReactorContextTestExecutionListener, org.springframework.boot.test.autoconfigure.restdocs.RestDocsTestExecutionListener, org.springframework.boot.test.autoconfigure.web.client.MockRestServiceServerResetTestExecutionListener, org.springframework.boot.test.autoconfigure.web.servlet.MockMvcPrintOnlyOnFailureTestExecutionListener, org.springframework.boot.test.autoconfigure.web.servlet.WebDriverTestExecutionListener, org.springframework.boot.test.autoconfigure.webservices.client.MockWebServiceServerTestExecutionListener, org.springframework.boot.test.mock.mockito.MockitoTestExecutionListener, org.springframework.boot.test.mock.mockito.ResetMocksTestExecutionListener, org.springframework.test.context.web.ServletTestExecutionListener, org.springframework.test.context.support.DirtiesContextBeforeModesTestExecutionListener, org.springframework.test.context.support.DependencyInjectionTestExecutionListener, org.springframework.test.context.support.DirtiesContextTestExecutionListener, org.springframework.test.context.transaction.TransactionalTestExecutionListener, org.springframework.test.context.jdbc.SqlScriptsTestExecutionListener, org.springframework.test.context.event.EventPublishingTestExecutionListener]
2021-01-31 13:12:18.241  INFO 44128 --- [    Test worker] .b.t.c.SpringBootTestContextBootstrapper : Using TestExecutionListeners: [org.springframework.test.context.web.ServletTestExecutionListener@3469da6c, org.springframework.test.context.support.DirtiesContextBeforeModesTestExecutionListener@71061912, org.springframework.boot.test.mock.mockito.MockitoTestExecutionListener@73c2b5b6, org.springframework.boot.test.autoconfigure.SpringBootDependencyInjectionTestExecutionListener@6677a47c, org.springframework.test.context.support.DirtiesContextTestExecutionListener@1cb7a864, org.springframework.test.context.transaction.TransactionalTestExecutionListener@5d38ec69, org.springframework.test.context.jdbc.SqlScriptsTestExecutionListener@3bb18d7d, org.springframework.security.test.context.support.WithSecurityContextTestExecutionListener@603e8a33, org.springframework.test.context.event.EventPublishingTestExecutionListener@416bfad8, org.springframework.security.test.context.support.ReactorContextTestExecutionListener@5baa1d38, org.springframework.boot.test.autoconfigure.restdocs.RestDocsTestExecutionListener@6c47a955, org.springframework.boot.test.autoconfigure.web.client.MockRestServiceServerResetTestExecutionListener@78bcd9fc, org.springframework.boot.test.autoconfigure.web.servlet.MockMvcPrintOnlyOnFailureTestExecutionListener@669f4109, org.springframework.boot.test.autoconfigure.web.servlet.WebDriverTestExecutionListener@6dd7d33f, org.springframework.boot.test.autoconfigure.webservices.client.MockWebServiceServerTestExecutionListener@3c8bd2d1, org.springframework.boot.test.mock.mockito.ResetMocksTestExecutionListener@22e69f85]
Hibernate: select posts0_.id as id1_0_, posts0_.created_date as created_2_0_, posts0_.modified_date as modified3_0_, posts0_.author as author4_0_, posts0_.content as content5_0_, posts0_.title as title6_0_ from posts posts0_ order by posts0_.id DESC
]]></system-out>
  <system-err><![CDATA[]]></system-err>
</testsuite>
