<?xml version="1.0" encoding="UTF-8"?>
<testsuite name="kod.springboot.web.IndexControllerTest" tests="1" skipped="0" failures="0" errors="0" timestamp="2021-01-30T12:41:37" hostname="Kodui-MacBook-Pro.local" time="0.353">
  <properties/>
  <testcase name="메인페이지_로딩()" classname="kod.springboot.web.IndexControllerTest" time="0.353"/>
  <system-out><![CDATA[21:41:32.388 [Test worker] DEBUG org.springframework.test.context.BootstrapUtils - Instantiating CacheAwareContextLoaderDelegate from class [org.springframework.test.context.cache.DefaultCacheAwareContextLoaderDelegate]
21:41:32.398 [Test worker] DEBUG org.springframework.test.context.BootstrapUtils - Instantiating BootstrapContext using constructor [public org.springframework.test.context.support.DefaultBootstrapContext(java.lang.Class,org.springframework.test.context.CacheAwareContextLoaderDelegate)]
21:41:32.427 [Test worker] DEBUG org.springframework.test.context.BootstrapUtils - Instantiating TestContextBootstrapper for test class [kod.springboot.web.IndexControllerTest] from class [org.springframework.boot.test.context.SpringBootTestContextBootstrapper]
21:41:32.435 [Test worker] INFO org.springframework.boot.test.context.SpringBootTestContextBootstrapper - Neither @ContextConfiguration nor @ContextHierarchy found for test class [kod.springboot.web.IndexControllerTest], using SpringBootContextLoader
21:41:32.439 [Test worker] DEBUG org.springframework.test.context.support.AbstractContextLoader - Did not detect default resource location for test class [kod.springboot.web.IndexControllerTest]: class path resource [kod/springboot/web/IndexControllerTest-context.xml] does not exist
21:41:32.439 [Test worker] DEBUG org.springframework.test.context.support.AbstractContextLoader - Did not detect default resource location for test class [kod.springboot.web.IndexControllerTest]: class path resource [kod/springboot/web/IndexControllerTestContext.groovy] does not exist
21:41:32.439 [Test worker] INFO org.springframework.test.context.support.AbstractContextLoader - Could not detect default resource locations for test class [kod.springboot.web.IndexControllerTest]: no resource found for suffixes {-context.xml, Context.groovy}.
21:41:32.440 [Test worker] INFO org.springframework.test.context.support.AnnotationConfigContextLoaderUtils - Could not detect default configuration classes for test class [kod.springboot.web.IndexControllerTest]: IndexControllerTest does not declare any static, non-private, non-final, nested classes annotated with @Configuration.
21:41:32.478 [Test worker] DEBUG org.springframework.test.context.support.ActiveProfilesUtils - Could not find an 'annotation declaring class' for annotation type [org.springframework.test.context.ActiveProfiles] and class [kod.springboot.web.IndexControllerTest]
21:41:32.533 [Test worker] DEBUG org.springframework.context.annotation.ClassPathScanningCandidateComponentProvider - Identified candidate component class: file [/Users/kod/IdeaProjects/kod/build/classes/java/main/kod/springboot/Application.class]
21:41:32.534 [Test worker] INFO org.springframework.boot.test.context.SpringBootTestContextBootstrapper - Found @SpringBootConfiguration kod.springboot.Application for test class kod.springboot.web.IndexControllerTest
21:41:32.606 [Test worker] DEBUG org.springframework.boot.test.context.SpringBootTestContextBootstrapper - @TestExecutionListeners is not present for class [kod.springboot.web.IndexControllerTest]: using defaults.
21:41:32.606 [Test worker] INFO org.springframework.boot.test.context.SpringBootTestContextBootstrapper - Loaded default TestExecutionListener class names from location [META-INF/spring.factories]: [org.springframework.security.test.context.support.WithSecurityContextTestExecutionListener, org.springframework.security.test.context.support.ReactorContextTestExecutionListener, org.springframework.boot.test.autoconfigure.restdocs.RestDocsTestExecutionListener, org.springframework.boot.test.autoconfigure.web.client.MockRestServiceServerResetTestExecutionListener, org.springframework.boot.test.autoconfigure.web.servlet.MockMvcPrintOnlyOnFailureTestExecutionListener, org.springframework.boot.test.autoconfigure.web.servlet.WebDriverTestExecutionListener, org.springframework.boot.test.autoconfigure.webservices.client.MockWebServiceServerTestExecutionListener, org.springframework.boot.test.mock.mockito.MockitoTestExecutionListener, org.springframework.boot.test.mock.mockito.ResetMocksTestExecutionListener, org.springframework.test.context.web.ServletTestExecutionListener, org.springframework.test.context.support.DirtiesContextBeforeModesTestExecutionListener, org.springframework.test.context.support.DependencyInjectionTestExecutionListener, org.springframework.test.context.support.DirtiesContextTestExecutionListener, org.springframework.test.context.transaction.TransactionalTestExecutionListener, org.springframework.test.context.jdbc.SqlScriptsTestExecutionListener, org.springframework.test.context.event.EventPublishingTestExecutionListener]
21:41:32.618 [Test worker] INFO org.springframework.boot.test.context.SpringBootTestContextBootstrapper - Using TestExecutionListeners: [org.springframework.test.context.web.ServletTestExecutionListener@35f16fce, org.springframework.test.context.support.DirtiesContextBeforeModesTestExecutionListener@2cbcb913, org.springframework.boot.test.mock.mockito.MockitoTestExecutionListener@63b9b396, org.springframework.boot.test.autoconfigure.SpringBootDependencyInjectionTestExecutionListener@1f367c20, org.springframework.test.context.support.DirtiesContextTestExecutionListener@2107ef17, org.springframework.test.context.transaction.TransactionalTestExecutionListener@68baae05, org.springframework.test.context.jdbc.SqlScriptsTestExecutionListener@46b18587, org.springframework.security.test.context.support.WithSecurityContextTestExecutionListener@6aca260d, org.springframework.test.context.event.EventPublishingTestExecutionListener@742b1314, org.springframework.security.test.context.support.ReactorContextTestExecutionListener@495c5112, org.springframework.boot.test.autoconfigure.restdocs.RestDocsTestExecutionListener@30b6803, org.springframework.boot.test.autoconfigure.web.client.MockRestServiceServerResetTestExecutionListener@384adc21, org.springframework.boot.test.autoconfigure.web.servlet.MockMvcPrintOnlyOnFailureTestExecutionListener@14d5cb8f, org.springframework.boot.test.autoconfigure.web.servlet.WebDriverTestExecutionListener@3f2accc6, org.springframework.boot.test.autoconfigure.webservices.client.MockWebServiceServerTestExecutionListener@6739e050, org.springframework.boot.test.mock.mockito.ResetMocksTestExecutionListener@97c8342]
21:41:32.621 [Test worker] DEBUG org.springframework.test.context.support.AbstractDirtiesContextTestExecutionListener - Before test class: context [DefaultTestContext@850b258 testClass = IndexControllerTest, testInstance = [null], testMethod = [null], testException = [null], mergedContextConfiguration = [WebMergedContextConfiguration@6534cf2d testClass = IndexControllerTest, locations = '{}', classes = '{class kod.springboot.Application}', contextInitializerClasses = '[]', activeProfiles = '{}', propertySourceLocations = '{}', propertySourceProperties = '{org.springframework.boot.test.context.SpringBootTestContextBootstrapper=true, server.port=0}', contextCustomizers = set[org.springframework.boot.test.autoconfigure.actuate.metrics.MetricsExportContextCustomizerFactory$DisableMetricExportContextCustomizer@51f7e78b, org.springframework.boot.test.autoconfigure.properties.PropertyMappingContextCustomizer@0, org.springframework.boot.test.autoconfigure.web.servlet.WebDriverContextCustomizerFactory$Customizer@7e467f, org.springframework.boot.test.context.filter.ExcludeFilterContextCustomizer@8d8d6b1, org.springframework.boot.test.json.DuplicateJsonObjectContextCustomizerFactory$DuplicateJsonObjectContextCustomizer@59686511, org.springframework.boot.test.mock.mockito.MockitoContextCustomizer@0, org.springframework.boot.test.web.client.TestRestTemplateContextCustomizer@4ba47bda, org.springframework.boot.test.context.SpringBootTestArgs@1, org.springframework.boot.test.context.SpringBootTestWebEnvironment@522b68b4], resourceBasePath = 'src/main/webapp', contextLoader = 'org.springframework.boot.test.context.SpringBootContextLoader', parent = [null]], attributes = map['org.springframework.test.context.web.ServletTestExecutionListener.activateListener' -> false]], class annotated with @DirtiesContext [false] with mode [null].
21:41:32.630 [Test worker] DEBUG org.springframework.test.context.support.DependencyInjectionTestExecutionListener - Performing dependency injection for test context [[DefaultTestContext@850b258 testClass = IndexControllerTest, testInstance = kod.springboot.web.IndexControllerTest@3bba96da, testMethod = [null], testException = [null], mergedContextConfiguration = [WebMergedContextConfiguration@6534cf2d testClass = IndexControllerTest, locations = '{}', classes = '{class kod.springboot.Application}', contextInitializerClasses = '[]', activeProfiles = '{}', propertySourceLocations = '{}', propertySourceProperties = '{org.springframework.boot.test.context.SpringBootTestContextBootstrapper=true, server.port=0}', contextCustomizers = set[org.springframework.boot.test.autoconfigure.actuate.metrics.MetricsExportContextCustomizerFactory$DisableMetricExportContextCustomizer@51f7e78b, org.springframework.boot.test.autoconfigure.properties.PropertyMappingContextCustomizer@0, org.springframework.boot.test.autoconfigure.web.servlet.WebDriverContextCustomizerFactory$Customizer@7e467f, org.springframework.boot.test.context.filter.ExcludeFilterContextCustomizer@8d8d6b1, org.springframework.boot.test.json.DuplicateJsonObjectContextCustomizerFactory$DuplicateJsonObjectContextCustomizer@59686511, org.springframework.boot.test.mock.mockito.MockitoContextCustomizer@0, org.springframework.boot.test.web.client.TestRestTemplateContextCustomizer@4ba47bda, org.springframework.boot.test.context.SpringBootTestArgs@1, org.springframework.boot.test.context.SpringBootTestWebEnvironment@522b68b4], resourceBasePath = 'src/main/webapp', contextLoader = 'org.springframework.boot.test.context.SpringBootContextLoader', parent = [null]], attributes = map['org.springframework.test.context.web.ServletTestExecutionListener.activateListener' -> false]]].
21:41:32.645 [Test worker] DEBUG org.springframework.test.context.support.TestPropertySourceUtils - Adding inlined properties to environment: {spring.jmx.enabled=false, org.springframework.boot.test.context.SpringBootTestContextBootstrapper=true, server.port=0}

  .   ____          _            __ _ _
 /\\ / ___'_ __ _ _(_)_ __  __ _ \ \ \ \
( ( )\___ | '_ | '_| | '_ \/ _` | \ \ \ \
 \\/  ___)| |_)| | | | | || (_| |  ) ) ) )
  '  |____| .__|_| |_|_| |_\__, | / / / /
 =========|_|==============|___/=/_/_/_/
 :: Spring Boot ::                (v2.4.1)

2021-01-30 21:41:32.853  INFO 91741 --- [    Test worker] kod.springboot.web.IndexControllerTest   : Starting IndexControllerTest using Java 1.8.0_271 on Kodui-MacBook-Pro.local with PID 91741 (started by kod in /Users/kod/IdeaProjects/kod)
2021-01-30 21:41:32.855  INFO 91741 --- [    Test worker] kod.springboot.web.IndexControllerTest   : No active profile set, falling back to default profiles: default
2021-01-30 21:41:33.380  INFO 91741 --- [    Test worker] .s.d.r.c.RepositoryConfigurationDelegate : Bootstrapping Spring Data JPA repositories in DEFAULT mode.
2021-01-30 21:41:33.435  INFO 91741 --- [    Test worker] .s.d.r.c.RepositoryConfigurationDelegate : Finished Spring Data repository scanning in 48 ms. Found 2 JPA repository interfaces.
2021-01-30 21:41:34.136  INFO 91741 --- [    Test worker] o.s.b.w.embedded.tomcat.TomcatWebServer  : Tomcat initialized with port(s): 0 (http)
2021-01-30 21:41:34.146  INFO 91741 --- [    Test worker] o.apache.catalina.core.StandardService   : Starting service [Tomcat]
2021-01-30 21:41:34.146  INFO 91741 --- [    Test worker] org.apache.catalina.core.StandardEngine  : Starting Servlet engine: [Apache Tomcat/9.0.41]
2021-01-30 21:41:34.209  INFO 91741 --- [    Test worker] o.a.c.c.C.[Tomcat].[localhost].[/]       : Initializing Spring embedded WebApplicationContext
2021-01-30 21:41:34.210  INFO 91741 --- [    Test worker] w.s.c.ServletWebServerApplicationContext : Root WebApplicationContext: initialization completed in 1340 ms
2021-01-30 21:41:34.266  INFO 91741 --- [    Test worker] com.zaxxer.hikari.HikariDataSource       : HikariPool-1 - Starting...
2021-01-30 21:41:34.427  INFO 91741 --- [    Test worker] com.zaxxer.hikari.HikariDataSource       : HikariPool-1 - Start completed.
2021-01-30 21:41:34.435  INFO 91741 --- [    Test worker] o.s.b.a.h2.H2ConsoleAutoConfiguration    : H2 console available at '/h2-console'. Database available at 'jdbc:h2:mem:testdb'
2021-01-30 21:41:34.688  INFO 91741 --- [    Test worker] o.hibernate.jpa.internal.util.LogHelper  : HHH000204: Processing PersistenceUnitInfo [name: default]
2021-01-30 21:41:34.747  INFO 91741 --- [    Test worker] org.hibernate.Version                    : HHH000412: Hibernate ORM core version 5.4.25.Final
2021-01-30 21:41:34.908  INFO 91741 --- [    Test worker] o.hibernate.annotations.common.Version   : HCANN000001: Hibernate Commons Annotations {5.1.2.Final}
2021-01-30 21:41:35.014  INFO 91741 --- [    Test worker] org.hibernate.dialect.Dialect            : HHH000400: Using dialect: org.hibernate.dialect.MySQL57Dialect
Hibernate: drop table if exists posts
Hibernate: drop table if exists user
Hibernate: create table posts (id bigint not null auto_increment, created_date datetime(6), modified_date datetime(6), author varchar(255), content TEXT not null, title varchar(500) not null, primary key (id)) engine=InnoDB
Hibernate: create table user (id bigint not null auto_increment, created_date datetime(6), modified_date datetime(6), email varchar(255) not null, name varchar(255) not null, picture varchar(255), role varchar(255) not null, primary key (id)) engine=InnoDB
2021-01-30 21:41:35.595  INFO 91741 --- [    Test worker] o.h.e.t.j.p.i.JtaPlatformInitiator       : HHH000490: Using JtaPlatform implementation: [org.hibernate.engine.transaction.jta.platform.internal.NoJtaPlatform]
2021-01-30 21:41:35.602  INFO 91741 --- [    Test worker] j.LocalContainerEntityManagerFactoryBean : Initialized JPA EntityManagerFactory for persistence unit 'default'
2021-01-30 21:41:36.233  WARN 91741 --- [    Test worker] JpaBaseConfiguration$JpaWebConfiguration : spring.jpa.open-in-view is enabled by default. Therefore, database queries may be performed during view rendering. Explicitly configure spring.jpa.open-in-view to disable this warning
2021-01-30 21:41:36.635  INFO 91741 --- [    Test worker] o.s.s.web.DefaultSecurityFilterChain     : Will secure any request with [org.springframework.security.web.context.request.async.WebAsyncManagerIntegrationFilter@40cfc5fa, org.springframework.security.web.context.SecurityContextPersistenceFilter@3e4c77b6, org.springframework.security.web.header.HeaderWriterFilter@65099d0f, org.springframework.security.web.authentication.logout.LogoutFilter@202494cf, org.springframework.security.oauth2.client.web.OAuth2AuthorizationRequestRedirectFilter@11953075, org.springframework.security.oauth2.client.web.OAuth2LoginAuthenticationFilter@dd1f145, org.springframework.security.web.authentication.ui.DefaultLoginPageGeneratingFilter@700cfd26, org.springframework.security.web.authentication.ui.DefaultLogoutPageGeneratingFilter@341f9a5c, org.springframework.security.web.savedrequest.RequestCacheAwareFilter@18122e9, org.springframework.security.web.servletapi.SecurityContextHolderAwareRequestFilter@7375a226, org.springframework.security.web.authentication.AnonymousAuthenticationFilter@636557b, org.springframework.security.web.session.SessionManagementFilter@4922f3e9, org.springframework.security.web.access.ExceptionTranslationFilter@68ebd036, org.springframework.security.web.access.intercept.FilterSecurityInterceptor@39a25d5e]
2021-01-30 21:41:36.846  INFO 91741 --- [    Test worker] o.s.s.concurrent.ThreadPoolTaskExecutor  : Initializing ExecutorService 'applicationTaskExecutor'
2021-01-30 21:41:36.938  INFO 91741 --- [    Test worker] o.s.b.a.w.s.WelcomePageHandlerMapping    : Adding welcome page template: index
2021-01-30 21:41:37.212  INFO 91741 --- [    Test worker] o.s.b.w.embedded.tomcat.TomcatWebServer  : Tomcat started on port(s): 57730 (http) with context path ''
2021-01-30 21:41:37.225  INFO 91741 --- [    Test worker] s.a.ScheduledAnnotationBeanPostProcessor : No TaskScheduler/ScheduledExecutorService bean found for scheduled processing
2021-01-30 21:41:37.234  INFO 91741 --- [    Test worker] kod.springboot.web.IndexControllerTest   : Started IndexControllerTest in 4.587 seconds (JVM running for 5.444)
2021-01-30 21:41:37.385  INFO 91741 --- [o-auto-1-exec-1] o.a.c.c.C.[Tomcat].[localhost].[/]       : Initializing Spring DispatcherServlet 'dispatcherServlet'
2021-01-30 21:41:37.385  INFO 91741 --- [o-auto-1-exec-1] o.s.web.servlet.DispatcherServlet        : Initializing Servlet 'dispatcherServlet'
2021-01-30 21:41:37.387  INFO 91741 --- [o-auto-1-exec-1] o.s.web.servlet.DispatcherServlet        : Completed initialization in 1 ms
Hibernate: select posts0_.id as id1_0_, posts0_.created_date as created_2_0_, posts0_.modified_date as modified3_0_, posts0_.author as author4_0_, posts0_.content as content5_0_, posts0_.title as title6_0_ from posts posts0_ order by posts0_.id DESC
]]></system-out>
  <system-err><![CDATA[]]></system-err>
</testsuite>
