<?xml version="1.0" encoding="UTF-8"?>
<testsuite name="kod.springboot.web.IndexControllerTest" tests="1" skipped="0" failures="0" errors="0" timestamp="2021-01-22T23:09:24" hostname="Kodui-MacBook-Pro.local" time="0.188">
  <properties/>
  <testcase name="메인페이지_로딩" classname="kod.springboot.web.IndexControllerTest" time="0.188"/>
  <system-out><![CDATA[2021-01-23 08:09:22.709  INFO 3100 --- [    Test worker] .b.t.c.SpringBootTestContextBootstrapper : Neither @ContextConfiguration nor @ContextHierarchy found for test class [kod.springboot.web.IndexControllerTest], using SpringBootContextLoader
2021-01-23 08:09:22.710  INFO 3100 --- [    Test worker] o.s.t.c.support.AbstractContextLoader    : Could not detect default resource locations for test class [kod.springboot.web.IndexControllerTest]: no resource found for suffixes {-context.xml, Context.groovy}.
2021-01-23 08:09:22.710  INFO 3100 --- [    Test worker] t.c.s.AnnotationConfigContextLoaderUtils : Could not detect default configuration classes for test class [kod.springboot.web.IndexControllerTest]: IndexControllerTest does not declare any static, non-private, non-final, nested classes annotated with @Configuration.
2021-01-23 08:09:22.711  INFO 3100 --- [    Test worker] .b.t.c.SpringBootTestContextBootstrapper : Found @SpringBootConfiguration kod.springboot.Application for test class kod.springboot.web.IndexControllerTest
2021-01-23 08:09:22.712  INFO 3100 --- [    Test worker] .b.t.c.SpringBootTestContextBootstrapper : Loaded default TestExecutionListener class names from location [META-INF/spring.factories]: [org.springframework.security.test.context.support.WithSecurityContextTestExecutionListener, org.springframework.security.test.context.support.ReactorContextTestExecutionListener, org.springframework.boot.test.autoconfigure.restdocs.RestDocsTestExecutionListener, org.springframework.boot.test.autoconfigure.web.client.MockRestServiceServerResetTestExecutionListener, org.springframework.boot.test.autoconfigure.web.servlet.MockMvcPrintOnlyOnFailureTestExecutionListener, org.springframework.boot.test.autoconfigure.web.servlet.WebDriverTestExecutionListener, org.springframework.boot.test.mock.mockito.MockitoTestExecutionListener, org.springframework.boot.test.mock.mockito.ResetMocksTestExecutionListener, org.springframework.test.context.web.ServletTestExecutionListener, org.springframework.test.context.support.DirtiesContextBeforeModesTestExecutionListener, org.springframework.test.context.support.DependencyInjectionTestExecutionListener, org.springframework.test.context.support.DirtiesContextTestExecutionListener, org.springframework.test.context.transaction.TransactionalTestExecutionListener, org.springframework.test.context.jdbc.SqlScriptsTestExecutionListener]
2021-01-23 08:09:22.713  INFO 3100 --- [    Test worker] .b.t.c.SpringBootTestContextBootstrapper : Using TestExecutionListeners: [org.springframework.test.context.web.ServletTestExecutionListener@244a2c05, org.springframework.test.context.support.DirtiesContextBeforeModesTestExecutionListener@48877d8d, org.springframework.boot.test.mock.mockito.MockitoTestExecutionListener@39af587, org.springframework.boot.test.autoconfigure.SpringBootDependencyInjectionTestExecutionListener@7a820a7c, org.springframework.test.context.support.DirtiesContextTestExecutionListener@f5d3b2d, org.springframework.test.context.transaction.TransactionalTestExecutionListener@7cc5445e, org.springframework.test.context.jdbc.SqlScriptsTestExecutionListener@28a7a08c, org.springframework.security.test.context.support.WithSecurityContextTestExecutionListener@429c8e0e, org.springframework.security.test.context.support.ReactorContextTestExecutionListener@24fe5123, org.springframework.boot.test.autoconfigure.restdocs.RestDocsTestExecutionListener@72cf1656, org.springframework.boot.test.autoconfigure.web.client.MockRestServiceServerResetTestExecutionListener@67f97b43, org.springframework.boot.test.autoconfigure.web.servlet.MockMvcPrintOnlyOnFailureTestExecutionListener@41b3754c, org.springframework.boot.test.autoconfigure.web.servlet.WebDriverTestExecutionListener@17924310, org.springframework.boot.test.mock.mockito.ResetMocksTestExecutionListener@1de59a12]

  .   ____          _            __ _ _
 /\\ / ___'_ __ _ _(_)_ __  __ _ \ \ \ \
( ( )\___ | '_ | '_| | '_ \/ _` | \ \ \ \
 \\/  ___)| |_)| | | | | || (_| |  ) ) ) )
  '  |____| .__|_| |_|_| |_\__, | / / / /
 =========|_|==============|___/=/_/_/_/
 :: Spring Boot ::        (v2.1.7.RELEASE)

2021-01-23 08:09:22.734  INFO 3100 --- [    Test worker] kod.springboot.web.IndexControllerTest   : Starting IndexControllerTest on Kodui-MacBook-Pro.local with PID 3100 (started by kod in /Users/kod/IdeaProjects/kod)
2021-01-23 08:09:22.735  INFO 3100 --- [    Test worker] kod.springboot.web.IndexControllerTest   : No active profile set, falling back to default profiles: default
2021-01-23 08:09:22.876  INFO 3100 --- [    Test worker] .s.d.r.c.RepositoryConfigurationDelegate : Bootstrapping Spring Data repositories in DEFAULT mode.
2021-01-23 08:09:22.886  INFO 3100 --- [    Test worker] .s.d.r.c.RepositoryConfigurationDelegate : Finished Spring Data repository scanning in 10ms. Found 2 repository interfaces.
2021-01-23 08:09:22.965  INFO 3100 --- [    Test worker] trationDelegate$BeanPostProcessorChecker : Bean 'org.springframework.transaction.annotation.ProxyTransactionManagementConfiguration' of type [org.springframework.transaction.annotation.ProxyTransactionManagementConfiguration$$EnhancerBySpringCGLIB$$59ea2778] is not eligible for getting processed by all BeanPostProcessors (for example: not eligible for auto-proxying)
2021-01-23 08:09:23.164  INFO 3100 --- [    Test worker] o.s.b.w.embedded.tomcat.TomcatWebServer  : Tomcat initialized with port(s): 0 (http)
2021-01-23 08:09:23.196  INFO 3100 --- [    Test worker] o.apache.catalina.core.StandardService   : Starting service [Tomcat]
2021-01-23 08:09:23.196  INFO 3100 --- [    Test worker] org.apache.catalina.core.StandardEngine  : Starting Servlet engine: [Apache Tomcat/9.0.22]
2021-01-23 08:09:23.330  INFO 3100 --- [    Test worker] o.a.c.c.C.[Tomcat].[localhost].[/]       : Initializing Spring embedded WebApplicationContext
2021-01-23 08:09:23.330  INFO 3100 --- [    Test worker] o.s.web.context.ContextLoader            : Root WebApplicationContext: initialization completed in 593 ms
2021-01-23 08:09:23.499  INFO 3100 --- [    Test worker] com.zaxxer.hikari.HikariDataSource       : HikariPool-2 - Starting...
2021-01-23 08:09:23.500  INFO 3100 --- [    Test worker] com.zaxxer.hikari.HikariDataSource       : HikariPool-2 - Start completed.
2021-01-23 08:09:23.523  INFO 3100 --- [    Test worker] o.hibernate.jpa.internal.util.LogHelper  : HHH000204: Processing PersistenceUnitInfo [
	name: default
	...]
2021-01-23 08:09:23.528  INFO 3100 --- [    Test worker] org.hibernate.dialect.Dialect            : HHH000400: Using dialect: org.hibernate.dialect.MySQL5InnoDBDialect
Hibernate: drop table if exists posts
Hibernate: drop table if exists user
Hibernate: create table posts (id bigint not null auto_increment, created_date datetime, modified_date datetime, author varchar(255), content TEXT not null, title varchar(500) not null, primary key (id)) engine=InnoDB
Hibernate: create table user (id bigint not null auto_increment, created_date datetime, modified_date datetime, email varchar(255) not null, name varchar(255) not null, picture varchar(255), role varchar(255) not null, primary key (id)) engine=InnoDB
2021-01-23 08:09:23.571  INFO 3100 --- [    Test worker] o.h.t.schema.internal.SchemaCreatorImpl  : HHH000476: Executing import script 'org.hibernate.tool.schema.internal.exec.ScriptSourceInputNonExistentImpl@2cd575ff'
2021-01-23 08:09:23.571  INFO 3100 --- [    Test worker] j.LocalContainerEntityManagerFactoryBean : Initialized JPA EntityManagerFactory for persistence unit 'default'
2021-01-23 08:09:23.793  INFO 3100 --- [    Test worker] o.h.h.i.QueryTranslatorFactoryInitiator  : HHH000397: Using ASTQueryTranslatorFactory
2021-01-23 08:09:23.883  INFO 3100 --- [    Test worker] o.s.s.web.DefaultSecurityFilterChain     : Creating filter chain: any request, [org.springframework.security.web.context.request.async.WebAsyncManagerIntegrationFilter@265664e1, org.springframework.security.web.context.SecurityContextPersistenceFilter@b712772, org.springframework.security.web.header.HeaderWriterFilter@30b63350, org.springframework.security.web.authentication.logout.LogoutFilter@574cd62d, org.springframework.security.oauth2.client.web.OAuth2AuthorizationRequestRedirectFilter@4535a42f, org.springframework.security.oauth2.client.web.OAuth2LoginAuthenticationFilter@e6f27ee, org.springframework.security.web.authentication.ui.DefaultLoginPageGeneratingFilter@55043148, org.springframework.security.web.authentication.ui.DefaultLogoutPageGeneratingFilter@54509af7, org.springframework.security.web.savedrequest.RequestCacheAwareFilter@15b2d048, org.springframework.security.web.servletapi.SecurityContextHolderAwareRequestFilter@141f5d1d, org.springframework.security.web.authentication.AnonymousAuthenticationFilter@3c2c488e, org.springframework.security.web.session.SessionManagementFilter@cf9a462, org.springframework.security.web.access.ExceptionTranslationFilter@2cc6436f, org.springframework.security.web.access.intercept.FilterSecurityInterceptor@46068e42]
2021-01-23 08:09:23.992  INFO 3100 --- [    Test worker] o.s.s.concurrent.ThreadPoolTaskExecutor  : Initializing ExecutorService 'applicationTaskExecutor'
2021-01-23 08:09:24.001  WARN 3100 --- [    Test worker] aWebConfiguration$JpaWebMvcConfiguration : spring.jpa.open-in-view is enabled by default. Therefore, database queries may be performed during view rendering. Explicitly configure spring.jpa.open-in-view to disable this warning
2021-01-23 08:09:24.017  INFO 3100 --- [    Test worker] o.s.b.a.w.s.WelcomePageHandlerMapping    : Adding welcome page template: index
2021-01-23 08:09:24.189  INFO 3100 --- [    Test worker] s.a.ScheduledAnnotationBeanPostProcessor : No TaskScheduler/ScheduledExecutorService bean found for scheduled processing
2021-01-23 08:09:24.209  INFO 3100 --- [    Test worker] o.s.b.w.embedded.tomcat.TomcatWebServer  : Tomcat started on port(s): 51814 (http) with context path ''
2021-01-23 08:09:24.210  INFO 3100 --- [    Test worker] kod.springboot.web.IndexControllerTest   : Started IndexControllerTest in 1.495 seconds (JVM running for 8.225)
2021-01-23 08:09:24.320  INFO 3100 --- [o-auto-1-exec-1] o.a.c.c.C.[Tomcat].[localhost].[/]       : Initializing Spring DispatcherServlet 'dispatcherServlet'
2021-01-23 08:09:24.320  INFO 3100 --- [o-auto-1-exec-1] o.s.web.servlet.DispatcherServlet        : Initializing Servlet 'dispatcherServlet'
2021-01-23 08:09:24.338  INFO 3100 --- [o-auto-1-exec-1] o.s.web.servlet.DispatcherServlet        : Completed initialization in 18 ms
Hibernate: select posts0_.id as id1_0_, posts0_.created_date as created_2_0_, posts0_.modified_date as modified3_0_, posts0_.author as author4_0_, posts0_.content as content5_0_, posts0_.title as title6_0_ from posts posts0_ order by posts0_.id DESC
]]></system-out>
  <system-err><![CDATA[]]></system-err>
</testsuite>
